# JRE version: Java(TM) SE Runtime Environment (8.0_20-b26) (build 1.8.0_20-b26)
# Java VM: Java HotSpot(TM) 64-Bit Server VM (25.20-b23 mixed mode bsd-amd64 compressed oops)
Heap:
 PSYoungGen      total 71680K, used 44230K [0x0000000795580000, 0x00000007a1a00000, 0x00000007c0000000)
  eden space 66560K, 66% used [0x0000000795580000,0x00000007980b1bd8,0x0000000799680000)
  from space 5120K, 0% used [0x0000000799680000,0x0000000799680000,0x0000000799b80000)
  to   space 41472K, 0% used [0x000000079f180000,0x000000079f180000,0x00000007a1a00000)
 ParOldGen       total 218624K, used 115795K [0x0000000740000000, 0x000000074d580000, 0x0000000795580000)
  object space 218624K, 52% used [0x0000000740000000,0x0000000747114cc8,0x000000074d580000)
 Metaspace       used 18853K, capacity 19754K, committed 20096K, reserved 1067008K
  class space    used 2702K, capacity 2868K, committed 2944K, reserved 1048576K
GC Heap History (10 events):
Event: 8.701 GC heap before
{Heap before GC invocations=3 (full 0):
 PSYoungGen      total 38400K, used 30500K [0x0000000795580000, 0x0000000798000000, 0x00000007c0000000)
  eden space 33280K, 76% used [0x0000000795580000,0x0000000796e51038,0x0000000797600000)
  from space 5120K, 99% used [0x0000000797b00000,0x0000000797ff8040,0x0000000798000000)
  to   space 5120K, 0% used [0x0000000797600000,0x0000000797600000,0x0000000797b00000)
 ParOldGen       total 87552K, used 19048K [0x0000000740000000, 0x0000000745580000, 0x0000000795580000)
  object space 87552K, 21% used [0x0000000740000000,0x000000074129a2b0,0x0000000745580000)
 Metaspace       used 17473K, capacity 18140K, committed 18432K, reserved 1064960K
  class space    used 2570K, capacity 2711K, committed 2816K, reserved 1048576K
Event: 8.719 GC heap after
Heap after GC invocations=3 (full 0):
 PSYoungGen      total 38400K, used 5106K [0x0000000795580000, 0x000000079a080000, 0x00000007c0000000)
  eden space 33280K, 0% used [0x0000000795580000,0x0000000795580000,0x0000000797600000)
  from space 5120K, 99% used [0x0000000797600000,0x0000000797afcac0,0x0000000797b00000)
  to   space 5120K, 0% used [0x0000000799b80000,0x0000000799b80000,0x000000079a080000)
 ParOldGen       total 87552K, used 43787K [0x0000000740000000, 0x0000000745580000, 0x0000000795580000)
  object space 87552K, 50% used [0x0000000740000000,0x0000000742ac2eb0,0x0000000745580000)
 Metaspace       used 17473K, capacity 18140K, committed 18432K, reserved 1064960K
  class space    used 2570K, capacity 2711K, committed 2816K, reserved 1048576K
}
Event: 9.031 GC heap before
{Heap before GC invocations=4 (full 0):
 PSYoungGen      total 38400K, used 30272K [0x0000000795580000, 0x000000079a080000, 0x00000007c0000000)
  eden space 33280K, 75% used [0x0000000795580000,0x0000000796e13820,0x0000000797600000)
  from space 5120K, 99% used [0x0000000797600000,0x0000000797afcac0,0x0000000797b00000)
  to   space 5120K, 0% used [0x0000000799b80000,0x0000000799b80000,0x000000079a080000)
 ParOldGen       total 87552K, used 43787K [0x0000000740000000, 0x0000000745580000, 0x0000000795580000)
  object space 87552K, 50% used [0x0000000740000000,0x0000000742ac2eb0,0x0000000745580000)
 Metaspace       used 17477K, capacity 18140K, committed 18432K, reserved 1064960K
  class space    used 2570K, capacity 2711K, committed 2816K, reserved 1048576K
Event: 9.050 GC heap after
Heap after GC invocations=4 (full 0):
 PSYoungGen      total 71680K, used 5106K [0x0000000795580000, 0x000000079a080000, 0x00000007c0000000)
  eden space 66560K, 0% used [0x0000000795580000,0x0000000795580000,0x0000000799680000)
  from space 5120K, 99% used [0x0000000799b80000,0x000000079a07cac0,0x000000079a080000)
  to   space 5120K, 0% used [0x0000000799680000,0x0000000799680000,0x0000000799b80000)
 ParOldGen       total 87552K, used 68416K [0x0000000740000000, 0x0000000745580000, 0x0000000795580000)
  object space 87552K, 78% used [0x0000000740000000,0x00000007442d0020,0x0000000745580000)
 Metaspace       used 17477K, capacity 18140K, committed 18432K, reserved 1064960K
  class space    used 2570K, capacity 2711K, committed 2816K, reserved 1048576K
}
Event: 9.050 GC heap before
{Heap before GC invocations=5 (full 1):
 PSYoungGen      total 71680K, used 5106K [0x0000000795580000, 0x000000079a080000, 0x00000007c0000000)
  eden space 66560K, 0% used [0x0000000795580000,0x0000000795580000,0x0000000799680000)
  from space 5120K, 99% used [0x0000000799b80000,0x000000079a07cac0,0x000000079a080000)
  to   space 5120K, 0% used [0x0000000799680000,0x0000000799680000,0x0000000799b80000)
 ParOldGen       total 87552K, used 68416K [0x0000000740000000, 0x0000000745580000, 0x0000000795580000)
  object space 87552K, 78% used [0x0000000740000000,0x00000007442d0020,0x0000000745580000)
 Metaspace       used 17477K, capacity 18140K, committed 18432K, reserved 1064960K
  class space    used 2570K, capacity 2711K, committed 2816K, reserved 1048576K
Event: 9.105 GC heap after
Heap after GC invocations=5 (full 1):
 PSYoungGen      total 71680K, used 0K [0x0000000795580000, 0x000000079a080000, 0x00000007c0000000)
  eden space 66560K, 0% used [0x0000000795580000,0x0000000795580000,0x0000000799680000)
  from space 5120K, 0% used [0x0000000799b80000,0x0000000799b80000,0x000000079a080000)
  to   space 5120K, 0% used [0x0000000799680000,0x0000000799680000,0x0000000799b80000)
 ParOldGen       total 145408K, used 71252K [0x0000000740000000, 0x0000000748e00000, 0x0000000795580000)
  object space 145408K, 49% used [0x0000000740000000,0x00000007445953b8,0x0000000748e00000)
 Metaspace       used 17476K, capacity 18138K, committed 18432K, reserved 1064960K
  class space    used 2569K, capacity 2710K, committed 2816K, reserved 1048576K
}
Event: 14.911 GC heap before
{Heap before GC invocations=6 (full 1):
 PSYoungGen      total 71680K, used 55439K [0x0000000795580000, 0x000000079a080000, 0x00000007c0000000)
  eden space 66560K, 83% used [0x0000000795580000,0x0000000798ba3c00,0x0000000799680000)
  from space 5120K, 0% used [0x0000000799b80000,0x0000000799b80000,0x000000079a080000)
  to   space 5120K, 0% used [0x0000000799680000,0x0000000799680000,0x0000000799b80000)
 ParOldGen       total 145408K, used 71252K [0x0000000740000000, 0x0000000748e00000, 0x0000000795580000)
  object space 145408K, 49% used [0x0000000740000000,0x00000007445953b8,0x0000000748e00000)
 Metaspace       used 18688K, capacity 19592K, committed 19840K, reserved 1067008K
  class space    used 2696K, capacity 2861K, committed 2944K, reserved 1048576K
Event: 14.943 GC heap after
Heap after GC invocations=6 (full 1):
 PSYoungGen      total 71680K, used 832K [0x0000000795580000, 0x00000007a1a00000, 0x00000007c0000000)
  eden space 66560K, 0% used [0x0000000795580000,0x0000000795580000,0x0000000799680000)
  from space 5120K, 16% used [0x0000000799680000,0x0000000799750000,0x0000000799b80000)
  to   space 41472K, 0% used [0x000000079f180000,0x000000079f180000,0x00000007a1a00000)
 ParOldGen       total 145408K, used 115137K [0x0000000740000000, 0x0000000748e00000, 0x0000000795580000)
  object space 145408K, 79% used [0x0000000740000000,0x0000000747070400,0x0000000748e00000)
 Metaspace       used 18688K, capacity 19592K, committed 19840K, reserved 1067008K
  class space    used 2696K, capacity 2861K, committed 2944K, reserved 1048576K
}
Event: 14.943 GC heap before
{Heap before GC invocations=7 (full 2):
 PSYoungGen      total 71680K, used 832K [0x0000000795580000, 0x00000007a1a00000, 0x00000007c0000000)
  eden space 66560K, 0% used [0x0000000795580000,0x0000000795580000,0x0000000799680000)
  from space 5120K, 16% used [0x0000000799680000,0x0000000799750000,0x0000000799b80000)
  to   space 41472K, 0% used [0x000000079f180000,0x000000079f180000,0x00000007a1a00000)
 ParOldGen       total 145408K, used 115137K [0x0000000740000000, 0x0000000748e00000, 0x0000000795580000)
  object space 145408K, 79% used [0x0000000740000000,0x0000000747070400,0x0000000748e00000)
 Metaspace       used 18688K, capacity 19592K, committed 19840K, reserved 1067008K
  class space    used 2696K, capacity 2861K, committed 2944K, reserved 1048576K
Event: 15.033 GC heap after
Heap after GC invocations=7 (full 2):
 PSYoungGen      total 71680K, used 0K [0x0000000795580000, 0x00000007a1a00000, 0x00000007c0000000)
  eden space 66560K, 0% used [0x0000000795580000,0x0000000795580000,0x0000000799680000)
  from space 5120K, 0% used [0x0000000799680000,0x0000000799680000,0x0000000799b80000)
  to   space 41472K, 0% used [0x000000079f180000,0x000000079f180000,0x00000007a1a00000)
 ParOldGen       total 218624K, used 115795K [0x0000000740000000, 0x000000074d580000, 0x0000000795580000)
  object space 218624K, 52% used [0x0000000740000000,0x0000000747114cc8,0x000000074d580000)
 Metaspace       used 18688K, capacity 19592K, committed 19840K, reserved 1067008K
  class space    used 2696K, capacity 2861K, committed 2944K, reserved 1048576K
}

