# JRE version: Java(TM) SE Runtime Environment (8.0_20-b26) (build 1.8.0_20-b26)
# Java VM: Java HotSpot(TM) 64-Bit Server VM (25.20-b23 mixed mode bsd-amd64 compressed oops)
Heap:
 PSYoungGen      total 71680K, used 32284K [0x0000000795580000, 0x00000007a2200000, 0x00000007c0000000)
  eden space 66560K, 48% used [0x0000000795580000,0x0000000797507000,0x0000000799680000)
  from space 5120K, 0% used [0x0000000799680000,0x0000000799680000,0x0000000799b80000)
  to   space 43008K, 0% used [0x000000079f800000,0x000000079f800000,0x00000007a2200000)
 ParOldGen       total 245248K, used 131553K [0x0000000740000000, 0x000000074ef80000, 0x0000000795580000)
  object space 245248K, 53% used [0x0000000740000000,0x0000000748078598,0x000000074ef80000)
 Metaspace       used 18782K, capacity 19704K, committed 19840K, reserved 1067008K
  class space    used 2706K, capacity 2867K, committed 2944K, reserved 1048576K
GC Heap History (10 events):
Event: 9.741 GC heap before
{Heap before GC invocations=3 (full 0):
 PSYoungGen      total 38400K, used 33734K [0x0000000795580000, 0x0000000798000000, 0x00000007c0000000)
  eden space 33280K, 86% used [0x0000000795580000,0x0000000797174ef0,0x0000000797600000)
  from space 5120K, 99% used [0x0000000797b00000,0x0000000797ffcac0,0x0000000798000000)
  to   space 5120K, 0% used [0x0000000797600000,0x0000000797600000,0x0000000797b00000)
 ParOldGen       total 87552K, used 18856K [0x0000000740000000, 0x0000000745580000, 0x0000000795580000)
  object space 87552K, 21% used [0x0000000740000000,0x000000074126a2b0,0x0000000745580000)
 Metaspace       used 17140K, capacity 17768K, committed 18048K, reserved 1064960K
  class space    used 2517K, capacity 2645K, committed 2688K, reserved 1048576K
Event: 9.766 GC heap after
Heap after GC invocations=3 (full 0):
 PSYoungGen      total 38400K, used 5090K [0x0000000795580000, 0x000000079a080000, 0x00000007c0000000)
  eden space 33280K, 0% used [0x0000000795580000,0x0000000795580000,0x0000000797600000)
  from space 5120K, 99% used [0x0000000797600000,0x0000000797af8ad0,0x0000000797b00000)
  to   space 5120K, 0% used [0x0000000799b80000,0x0000000799b80000,0x000000079a080000)
 ParOldGen       total 87552K, used 46435K [0x0000000740000000, 0x0000000745580000, 0x0000000795580000)
  object space 87552K, 53% used [0x0000000740000000,0x0000000742d58e58,0x0000000745580000)
 Metaspace       used 17140K, capacity 17768K, committed 18048K, reserved 1064960K
  class space    used 2517K, capacity 2645K, committed 2688K, reserved 1048576K
}
Event: 10.197 GC heap before
{Heap before GC invocations=4 (full 0):
 PSYoungGen      total 38400K, used 30192K [0x0000000795580000, 0x000000079a080000, 0x00000007c0000000)
  eden space 33280K, 75% used [0x0000000795580000,0x0000000796e03730,0x0000000797600000)
  from space 5120K, 99% used [0x0000000797600000,0x0000000797af8ad0,0x0000000797b00000)
  to   space 5120K, 0% used [0x0000000799b80000,0x0000000799b80000,0x000000079a080000)
 ParOldGen       total 87552K, used 46435K [0x0000000740000000, 0x0000000745580000, 0x0000000795580000)
  object space 87552K, 53% used [0x0000000740000000,0x0000000742d58e58,0x0000000745580000)
 Metaspace       used 17140K, capacity 17768K, committed 18048K, reserved 1064960K
  class space    used 2517K, capacity 2645K, committed 2688K, reserved 1048576K
Event: 10.231 GC heap after
Heap after GC invocations=4 (full 0):
 PSYoungGen      total 71680K, used 5106K [0x0000000795580000, 0x000000079a080000, 0x00000007c0000000)
  eden space 66560K, 0% used [0x0000000795580000,0x0000000795580000,0x0000000799680000)
  from space 5120K, 99% used [0x0000000799b80000,0x000000079a07cac0,0x000000079a080000)
  to   space 5120K, 0% used [0x0000000799680000,0x0000000799680000,0x0000000799b80000)
 ParOldGen       total 87552K, used 70969K [0x0000000740000000, 0x0000000745580000, 0x0000000795580000)
  object space 87552K, 81% used [0x0000000740000000,0x000000074454e548,0x0000000745580000)
 Metaspace       used 17140K, capacity 17768K, committed 18048K, reserved 1064960K
  class space    used 2517K, capacity 2645K, committed 2688K, reserved 1048576K
}
Event: 10.231 GC heap before
{Heap before GC invocations=5 (full 1):
 PSYoungGen      total 71680K, used 5106K [0x0000000795580000, 0x000000079a080000, 0x00000007c0000000)
  eden space 66560K, 0% used [0x0000000795580000,0x0000000795580000,0x0000000799680000)
  from space 5120K, 99% used [0x0000000799b80000,0x000000079a07cac0,0x000000079a080000)
  to   space 5120K, 0% used [0x0000000799680000,0x0000000799680000,0x0000000799b80000)
 ParOldGen       total 87552K, used 70969K [0x0000000740000000, 0x0000000745580000, 0x0000000795580000)
  object space 87552K, 81% used [0x0000000740000000,0x000000074454e548,0x0000000745580000)
 Metaspace       used 17140K, capacity 17768K, committed 18048K, reserved 1064960K
  class space    used 2517K, capacity 2645K, committed 2688K, reserved 1048576K
Event: 10.297 GC heap after
Heap after GC invocations=5 (full 1):
 PSYoungGen      total 71680K, used 0K [0x0000000795580000, 0x000000079a080000, 0x00000007c0000000)
  eden space 66560K, 0% used [0x0000000795580000,0x0000000795580000,0x0000000799680000)
  from space 5120K, 0% used [0x0000000799b80000,0x0000000799b80000,0x000000079a080000)
  to   space 5120K, 0% used [0x0000000799680000,0x0000000799680000,0x0000000799b80000)
 ParOldGen       total 148480K, used 73814K [0x0000000740000000, 0x0000000749100000, 0x0000000795580000)
  object space 148480K, 49% used [0x0000000740000000,0x0000000744815a48,0x0000000749100000)
 Metaspace       used 17139K, capacity 17766K, committed 18048K, reserved 1064960K
  class space    used 2517K, capacity 2644K, committed 2688K, reserved 1048576K
}
Event: 12.503 GC heap before
{Heap before GC invocations=6 (full 1):
 PSYoungGen      total 71680K, used 60173K [0x0000000795580000, 0x000000079a080000, 0x00000007c0000000)
  eden space 66560K, 90% used [0x0000000795580000,0x00000007990434f8,0x0000000799680000)
  from space 5120K, 0% used [0x0000000799b80000,0x0000000799b80000,0x000000079a080000)
  to   space 5120K, 0% used [0x0000000799680000,0x0000000799680000,0x0000000799b80000)
 ParOldGen       total 148480K, used 73814K [0x0000000740000000, 0x0000000749100000, 0x0000000795580000)
  object space 148480K, 49% used [0x0000000740000000,0x0000000744815a48,0x0000000749100000)
 Metaspace       used 17399K, capacity 18094K, committed 18432K, reserved 1064960K
  class space    used 2573K, capacity 2710K, committed 2816K, reserved 1048576K
Event: 12.590 GC heap after
Heap after GC invocations=6 (full 1):
 PSYoungGen      total 71680K, used 416K [0x0000000795580000, 0x00000007a2200000, 0x00000007c0000000)
  eden space 66560K, 0% used [0x0000000795580000,0x0000000795580000,0x0000000799680000)
  from space 5120K, 8% used [0x0000000799680000,0x00000007996e8000,0x0000000799b80000)
  to   space 43008K, 0% used [0x000000079f800000,0x000000079f800000,0x00000007a2200000)
 ParOldGen       total 148480K, used 131281K [0x0000000740000000, 0x0000000749100000, 0x0000000795580000)
  object space 148480K, 88% used [0x0000000740000000,0x0000000748034478,0x0000000749100000)
 Metaspace       used 17399K, capacity 18094K, committed 18432K, reserved 1064960K
  class space    used 2573K, capacity 2710K, committed 2816K, reserved 1048576K
}
Event: 12.590 GC heap before
{Heap before GC invocations=7 (full 2):
 PSYoungGen      total 71680K, used 416K [0x0000000795580000, 0x00000007a2200000, 0x00000007c0000000)
  eden space 66560K, 0% used [0x0000000795580000,0x0000000795580000,0x0000000799680000)
  from space 5120K, 8% used [0x0000000799680000,0x00000007996e8000,0x0000000799b80000)
  to   space 43008K, 0% used [0x000000079f800000,0x000000079f800000,0x00000007a2200000)
 ParOldGen       total 148480K, used 131281K [0x0000000740000000, 0x0000000749100000, 0x0000000795580000)
  object space 148480K, 88% used [0x0000000740000000,0x0000000748034478,0x0000000749100000)
 Metaspace       used 17399K, capacity 18094K, committed 18432K, reserved 1064960K
  class space    used 2573K, capacity 2710K, committed 2816K, reserved 1048576K
Event: 12.680 GC heap after
Heap after GC invocations=7 (full 2):
 PSYoungGen      total 71680K, used 0K [0x0000000795580000, 0x00000007a2200000, 0x00000007c0000000)
  eden space 66560K, 0% used [0x0000000795580000,0x0000000795580000,0x0000000799680000)
  from space 5120K, 0% used [0x0000000799680000,0x0000000799680000,0x0000000799b80000)
  to   space 43008K, 0% used [0x000000079f800000,0x000000079f800000,0x00000007a2200000)
 ParOldGen       total 245248K, used 131553K [0x0000000740000000, 0x000000074ef80000, 0x0000000795580000)
  object space 245248K, 53% used [0x0000000740000000,0x0000000748078598,0x000000074ef80000)
 Metaspace       used 17399K, capacity 18094K, committed 18432K, reserved 1064960K
  class space    used 2573K, capacity 2710K, committed 2816K, reserved 1048576K
}

