# JRE version: Java(TM) SE Runtime Environment (8.0_20-b26) (build 1.8.0_20-b26)
# Java VM: Java HotSpot(TM) 64-Bit Server VM (25.20-b23 mixed mode bsd-amd64 compressed oops)
Heap:
 PSYoungGen      total 152576K, used 21445K [0x0000000795580000, 0x00000007a2980000, 0x00000007c0000000)
  eden space 103424K, 20% used [0x0000000795580000,0x0000000796a71778,0x000000079ba80000)
  from space 49152K, 0% used [0x000000079ba80000,0x000000079ba80000,0x000000079ea80000)
  to   space 56832K, 0% used [0x000000079f200000,0x000000079f200000,0x00000007a2980000)
 ParOldGen       total 248320K, used 244478K [0x0000000740000000, 0x000000074f280000, 0x0000000795580000)
  object space 248320K, 98% used [0x0000000740000000,0x000000074eebfa30,0x000000074f280000)
 Metaspace       used 19014K, capacity 19906K, committed 20096K, reserved 1067008K
  class space    used 2707K, capacity 2872K, committed 2944K, reserved 1048576K
GC Heap History (10 events):
Event: 33.536 GC heap before
{Heap before GC invocations=42 (full 35):
 PSYoungGen      total 152576K, used 19546K [0x0000000795580000, 0x00000007a2980000, 0x00000007c0000000)
  eden space 103424K, 18% used [0x0000000795580000,0x0000000796896838,0x000000079ba80000)
  from space 49152K, 0% used [0x000000079ba80000,0x000000079ba80000,0x000000079ea80000)
  to   space 56832K, 0% used [0x000000079f200000,0x000000079f200000,0x00000007a2980000)
 ParOldGen       total 248320K, used 244478K [0x0000000740000000, 0x000000074f280000, 0x0000000795580000)
  object space 248320K, 98% used [0x0000000740000000,0x000000074eebfb48,0x000000074f280000)
 Metaspace       used 18924K, capacity 19810K, committed 20096K, reserved 1067008K
  class space    used 2703K, capacity 2866K, committed 2944K, reserved 1048576K
Event: 33.573 GC heap after
Heap after GC invocations=42 (full 35):
 PSYoungGen      total 152576K, used 16541K [0x0000000795580000, 0x00000007a2980000, 0x00000007c0000000)
  eden space 103424K, 15% used [0x0000000795580000,0x00000007965a76e8,0x000000079ba80000)
  from space 49152K, 0% used [0x000000079ba80000,0x000000079ba80000,0x000000079ea80000)
  to   space 56832K, 0% used [0x000000079f200000,0x000000079f200000,0x00000007a2980000)
 ParOldGen       total 248320K, used 244478K [0x0000000740000000, 0x000000074f280000, 0x0000000795580000)
  object space 248320K, 98% used [0x0000000740000000,0x000000074eebfb48,0x000000074f280000)
 Metaspace       used 18924K, capacity 19810K, committed 20096K, reserved 1067008K
  class space    used 2703K, capacity 2866K, committed 2944K, reserved 1048576K
}
Event: 33.847 GC heap before
{Heap before GC invocations=43 (full 36):
 PSYoungGen      total 152576K, used 19546K [0x0000000795580000, 0x00000007a2980000, 0x00000007c0000000)
  eden space 103424K, 18% used [0x0000000795580000,0x0000000796896838,0x000000079ba80000)
  from space 49152K, 0% used [0x000000079ba80000,0x000000079ba80000,0x000000079ea80000)
  to   space 56832K, 0% used [0x000000079f200000,0x000000079f200000,0x00000007a2980000)
 ParOldGen       total 248320K, used 244478K [0x0000000740000000, 0x000000074f280000, 0x0000000795580000)
  object space 248320K, 98% used [0x0000000740000000,0x000000074eebfb48,0x000000074f280000)
 Metaspace       used 18925K, capacity 19810K, committed 20096K, reserved 1067008K
  class space    used 2703K, capacity 2866K, committed 2944K, reserved 1048576K
Event: 33.881 GC heap after
Heap after GC invocations=43 (full 36):
 PSYoungGen      total 152576K, used 16541K [0x0000000795580000, 0x00000007a2980000, 0x00000007c0000000)
  eden space 103424K, 15% used [0x0000000795580000,0x00000007965a76e8,0x000000079ba80000)
  from space 49152K, 0% used [0x000000079ba80000,0x000000079ba80000,0x000000079ea80000)
  to   space 56832K, 0% used [0x000000079f200000,0x000000079f200000,0x00000007a2980000)
 ParOldGen       total 248320K, used 244478K [0x0000000740000000, 0x000000074f280000, 0x0000000795580000)
  object space 248320K, 98% used [0x0000000740000000,0x000000074eebfb48,0x000000074f280000)
 Metaspace       used 18925K, capacity 19810K, committed 20096K, reserved 1067008K
  class space    used 2703K, capacity 2866K, committed 2944K, reserved 1048576K
}
Event: 34.150 GC heap before
{Heap before GC invocations=44 (full 37):
 PSYoungGen      total 152576K, used 19546K [0x0000000795580000, 0x00000007a2980000, 0x00000007c0000000)
  eden space 103424K, 18% used [0x0000000795580000,0x0000000796896838,0x000000079ba80000)
  from space 49152K, 0% used [0x000000079ba80000,0x000000079ba80000,0x000000079ea80000)
  to   space 56832K, 0% used [0x000000079f200000,0x000000079f200000,0x00000007a2980000)
 ParOldGen       total 248320K, used 244478K [0x0000000740000000, 0x000000074f280000, 0x0000000795580000)
  object space 248320K, 98% used [0x0000000740000000,0x000000074eebfb48,0x000000074f280000)
 Metaspace       used 18927K, capacity 19810K, committed 20096K, reserved 1067008K
  class space    used 2703K, capacity 2866K, committed 2944K, reserved 1048576K
Event: 34.185 GC heap after
Heap after GC invocations=44 (full 37):
 PSYoungGen      total 152576K, used 16541K [0x0000000795580000, 0x00000007a2980000, 0x00000007c0000000)
  eden space 103424K, 15% used [0x0000000795580000,0x00000007965a76e8,0x000000079ba80000)
  from space 49152K, 0% used [0x000000079ba80000,0x000000079ba80000,0x000000079ea80000)
  to   space 56832K, 0% used [0x000000079f200000,0x000000079f200000,0x00000007a2980000)
 ParOldGen       total 248320K, used 244478K [0x0000000740000000, 0x000000074f280000, 0x0000000795580000)
  object space 248320K, 98% used [0x0000000740000000,0x000000074eebfb48,0x000000074f280000)
 Metaspace       used 18927K, capacity 19810K, committed 20096K, reserved 1067008K
  class space    used 2703K, capacity 2866K, committed 2944K, reserved 1048576K
}
Event: 34.458 GC heap before
{Heap before GC invocations=45 (full 38):
 PSYoungGen      total 152576K, used 19109K [0x0000000795580000, 0x00000007a2980000, 0x00000007c0000000)
  eden space 103424K, 18% used [0x0000000795580000,0x0000000796829460,0x000000079ba80000)
  from space 49152K, 0% used [0x000000079ba80000,0x000000079ba80000,0x000000079ea80000)
  to   space 56832K, 0% used [0x000000079f200000,0x000000079f200000,0x00000007a2980000)
 ParOldGen       total 248320K, used 244478K [0x0000000740000000, 0x000000074f280000, 0x0000000795580000)
  object space 248320K, 98% used [0x0000000740000000,0x000000074eebfb48,0x000000074f280000)
 Metaspace       used 18928K, capacity 19810K, committed 20096K, reserved 1067008K
  class space    used 2703K, capacity 2866K, committed 2944K, reserved 1048576K
Event: 34.496 GC heap after
Heap after GC invocations=45 (full 38):
 PSYoungGen      total 152576K, used 16540K [0x0000000795580000, 0x00000007a2980000, 0x00000007c0000000)
  eden space 103424K, 15% used [0x0000000795580000,0x00000007965a73f8,0x000000079ba80000)
  from space 49152K, 0% used [0x000000079ba80000,0x000000079ba80000,0x000000079ea80000)
  to   space 56832K, 0% used [0x000000079f200000,0x000000079f200000,0x00000007a2980000)
 ParOldGen       total 248320K, used 244478K [0x0000000740000000, 0x000000074f280000, 0x0000000795580000)
  object space 248320K, 98% used [0x0000000740000000,0x000000074eebfb48,0x000000074f280000)
 Metaspace       used 18928K, capacity 19810K, committed 20096K, reserved 1067008K
  class space    used 2703K, capacity 2866K, committed 2944K, reserved 1048576K
}
Event: 35.032 GC heap before
{Heap before GC invocations=46 (full 39):
 PSYoungGen      total 152576K, used 19545K [0x0000000795580000, 0x00000007a2980000, 0x00000007c0000000)
  eden space 103424K, 18% used [0x0000000795580000,0x00000007968965d0,0x000000079ba80000)
  from space 49152K, 0% used [0x000000079ba80000,0x000000079ba80000,0x000000079ea80000)
  to   space 56832K, 0% used [0x000000079f200000,0x000000079f200000,0x00000007a2980000)
 ParOldGen       total 248320K, used 244478K [0x0000000740000000, 0x000000074f280000, 0x0000000795580000)
  object space 248320K, 98% used [0x0000000740000000,0x000000074eebfb48,0x000000074f280000)
 Metaspace       used 18929K, capacity 19810K, committed 20096K, reserved 1067008K
  class space    used 2703K, capacity 2866K, committed 2944K, reserved 1048576K
Event: 35.075 GC heap after
Heap after GC invocations=46 (full 39):
 PSYoungGen      total 152576K, used 16543K [0x0000000795580000, 0x00000007a2980000, 0x00000007c0000000)
  eden space 103424K, 15% used [0x0000000795580000,0x00000007965a7e40,0x000000079ba80000)
  from space 49152K, 0% used [0x000000079ba80000,0x000000079ba80000,0x000000079ea80000)
  to   space 56832K, 0% used [0x000000079f200000,0x000000079f200000,0x00000007a2980000)
 ParOldGen       total 248320K, used 244478K [0x0000000740000000, 0x000000074f280000, 0x0000000795580000)
  object space 248320K, 98% used [0x0000000740000000,0x000000074eebfa30,0x000000074f280000)
 Metaspace       used 18929K, capacity 19810K, committed 20096K, reserved 1067008K
  class space    used 2703K, capacity 2866K, committed 2944K, reserved 1048576K
}

